<?xml version="1.0" encoding="UTF-8"?>
<!-- Generated by org.testng.reporters.JUnitReportReporter -->
<testsuite skipped="0" hostname="MacBook-Pro.local" name="com.webdriver.tests.SeleniumTest" tests="1" failures="0" timestamp="21 May 2018 18:07:59 GMT" time="0.009" errors="0">
  <testcase name="seleniumTest" time="0.009" classname="com.webdriver.tests.SeleniumTest"/>
</testsuite> <!-- com.webdriver.tests.SeleniumTest -->
